<!DOCTYPE html>
<html lang="en">
  
<!-- Mirrored from community.axoloti.com/t/impossibile-to-compile-any-patches-windows-10/1023 by HTTrack Website Copier/3.x [XR&CO'2014], Mon, 10 Jul 2023 16:31:25 GMT -->
<!-- Added by HTTrack --><meta http-equiv="content-type" content="text/html;charset=utf-8" /><!-- /Added by HTTrack -->
<head>
    <meta charset="utf-8">
    <title>Impossibile to compile any patches (Windows 10) - Helpdesk - Axoloti Community</title>
    <meta name="description" content="Can&amp;#39;t compile any of my patches, even the ones loaded as startup, but the axoloti keeps working, just impossible to compile any patches on my computer examples and tutorials included.  It happened suddenly with no specif&amp;hellip;">
    <meta name="author" content="">
<meta name="generator" content="Discourse 1.9.0.beta3 - https://github.com/discourse/discourse version 13f3de4bf673802eb8ec595d36587b4524773209">
<link rel="icon" type="image/png" href="../../uploads/default/original/1X/ffed196003990f0e5c2a0f8227fc977345cd68be.png">
<link rel="apple-touch-icon" type="image/png" href="../../uploads/default/original/1X/ffed196003990f0e5c2a0f8227fc977345cd68be.png">
<link rel="icon" sizes="144x144" href="../../uploads/default/original/1X/ffed196003990f0e5c2a0f8227fc977345cd68be.png">
<meta name="theme-color" content="#ffffff">
<meta name="viewport" content="width=device-width, minimum-scale=1.0, maximum-scale=1.0, user-scalable=yes">
<link rel="canonical" href="1023.html" />
<script type="application/ld+json">{"@context":"http://schema.org","@type":"WebSite","url":"http://community.axoloti.com","potentialAction":{"@type":"SearchAction","target":"http://community.axoloti.com/search?q={search_term_string}","query-input":"required name=search_term_string"}}</script>
<link rel="search" type="application/opensearchdescription+xml" href="../../opensearch.xml" title="Axoloti Community Search">

        <link href="../../stylesheets/desktop_d93a33ca8617326fe353f80e6ab865188244d48c8e0b.css?__ws=community.axoloti.com" media="all" rel="stylesheet" data-target="desktop"/>
    
    <script>
  (function(i,s,o,g,r,a,m){i['GoogleAnalyticsObject']=r;i[r]=i[r]||function(){
  (i[r].q=i[r].q||[]).push(arguments)},i[r].l=1*new Date();a=s.createElement(o),
  m=s.getElementsByTagName(o)[0];a.async=1;a.src=g;m.parentNode.insertBefore(a,m)
  })(window,document,'script','../../../www.google-analytics.com/analytics.js','ga');

  ga('create', 'UA-56017691-4', {"cookieDomain":"auto"});
</script>

      <link rel="alternate" type="application/rss+xml" title="RSS feed of &#39;Impossibile to compile any patches (Windows 10)&#39;" href="1023.rss" />
  <meta property="og:site_name" content="Axoloti Community" />
<meta name="twitter:card" content="summary" />
<meta name="twitter:image" content="http://community.axoloti.com/uploads/default/original/1X/ffed196003990f0e5c2a0f8227fc977345cd68be.png" />
<meta property="og:image" content="http://community.axoloti.com/uploads/default/original/1X/ffed196003990f0e5c2a0f8227fc977345cd68be.png" />
<meta property="og:url" content="http://community.axoloti.com/t/impossibile-to-compile-any-patches-windows-10/1023" />
<meta name="twitter:url" content="http://community.axoloti.com/t/impossibile-to-compile-any-patches-windows-10/1023" />
<meta property="og:title" content="Impossibile to compile any patches (Windows 10)" />
<meta name="twitter:title" content="Impossibile to compile any patches (Windows 10)" />
<meta property="og:description" content="Can&#39;t compile any of my patches, even the ones loaded as startup, but the axoloti keeps working, just impossible to compile any patches on my computer examples and tutorials included.  It happened suddenly with no specific reason or particular stuff installed on my machine. Can&#39;t figure out.   USB device found connected Authentic Axoloti Core search path : objects Rx paramchange patch null0 -134.217.728 Rx paramchange patch null1 0 Rx paramchange patch null2 0 Rx paramchange patch null3 0 Rx par..." />
<meta name="twitter:description" content="Can&#39;t compile any of my patches, even the ones loaded as startup, but the axoloti keeps working, just impossible to compile any patches on my computer examples and tutorials included.  It happened suddenly with no specific reason or particular stuff installed on my machine. Can&#39;t figure out.   USB device found connected Authentic Axoloti Core search path : objects Rx paramchange patch null0 -134.217.728 Rx paramchange patch null1 0 Rx paramchange patch null2 0 Rx paramchange patch null3 0 Rx par..." />
<meta name="twitter:label1" value="Reading time" />
<meta name="twitter:data1" value="3 mins ðŸ•‘" />
<meta name="twitter:label2" value="Likes" />
<meta name="twitter:data2" value="2 â¤" />


  </head>
  <body class="crawler">
    
    <header>
      <a href="../../index.html"><img src="../../uploads/default/original/1X/b22e6e9ef608f1e17a1de19b733d043beff77f05.png" alt="Axoloti Community" id="site-logo" style="max-width: 150px;"></a>
    </header>
    <div id="main-outlet" class="wrap">
      <h1>
  <a href="1023.html">Impossibile to compile any patches (Windows 10)</a>
</h1>

<div id='breadcrumbs'>
    <div id="breadcrumb-0" itemscope itemtype="http://data-vocabulary.org/Breadcrumb"
>
      <a href="../../c/helpdesk.html" itemprop="url">
        <span itemprop="title">Helpdesk</span>
      </a>
    </div>
</div>





<hr>


  <div itemscope itemtype='http://schema.org/DiscussionForumPosting'>
      <div class='creator'>
        <span>
          <a href='../../u/AdrianWillaert.html'><b itemprop='author'>AdrianWillaert</b></a>
           
           <time datetime='2016-02-08T14:12:00Z' itemprop='datePublished'>
             2016-02-08 14:12:00 UTC
           </time>
        </span>
        <span itemprop='position'>#1</span>
      </div>
      <div class='post' itemprop='articleBody'>
        <p>Can't compile any of my patches, even the ones loaded as startup, but the axoloti keeps working, just impossible to compile any patches on my computer examples and tutorials included. <br>It happened suddenly with no specific reason or particular stuff installed on my machine.<br>Can't figure out.</p>

<p>USB device found<br>connected<br>Authentic Axoloti Core<br>search path : objects<br>Rx paramchange patch null0 -134.217.728<br>Rx paramchange patch null1 0<br>Rx paramchange patch null2 0<br>Rx paramchange patch null3 0<br>Rx paramchange patch null4 0<br>Rx paramchange patch null5 0<br>Rx paramchange patch null6 15.728.640<br>Rx paramchange patch null7 -134.217.728<br>Rx paramchange patch null8 83.886.080<br>Rx paramchange patch null9 83.886.080<br>Rx paramchange patch null10 0<br>Rx paramchange patch null11 0<br>Rx paramchange patch null12 0<br>Rx paramchange patch null13 0<br>Rx paramchange patch null14 -134.217.728<br>Rx paramchange patch null15 44.040.192<br>Rx paramchange patch null16 3.145.728<br>Rx paramchange patch null17 69.206.016<br>Rx paramchange patch null18 0<br>Rx paramchange patch null20 1<br>Rx paramchange patch null21 1<br>Rx paramchange patch null22 1<br>Rx paramchange patch null23 1<br>Rx paramchange patch null24 1<br>Rx paramchange patch null25 1<br>Rx paramchange patch null26 1<br>Rx paramchange patch null27 1<br>Rx paramchange patch null28 1<br>Rx paramchange patch null29 1<br>Rx paramchange patch null30 1<br>Rx paramchange patch null31 1<br>Rx paramchange patch null32 1<br>Rx paramchange patch null33 1<br>Rx paramchange patch null34 1<br>Rx paramchange patch null35 1<br>Firmware version: 1.0.0.1, crc=0xD510CB0B, entrypoint=0x20011000<br>finished loading objects<br>Saving preferences...<br>preferences path : C:\Users\Utente\Documents\axoloti\axoloti.prefs<br>Generate code complete<br>Start compiling patch<br>BDIR = C:\Users\Utente\DOCUME~1\axoloti/build<br>FIRMWARE = .<br>"RM"<br>rm -f C:\Users\Utente\DOCUME~1\axoloti/build/xpatch.o C:\Users\Utente\DOCUME~1\axoloti/build/xpatch.elf C:\Users\Utente\DOCUME~1\axoloti/build/xpatch.bin C:\Users\Utente\DOCUME~1\axoloti/build/xpatch.d C:\Users\Utente\DOCUME~1\axoloti/build/xpatch.map C:\Users\Utente\DOCUME~1\axoloti/build/xpatch.lst<br>"APP"<br>arm-none-eabi-g++ -nostdlib -fno-exceptions -fno-rtti -mcpu=cortex-m4 -O3 -fomit-frame-pointer -falign-functions=16 -mfloat-abi=hard -mfpu=fpv4-sp-d16 -fsingle-precision-constant -Wunused-parameter -DCORTEX_USE_FPU=TRUE -DTHUMB_PRESENT -mno-thumb-interwork -DTHUMB_NO_INTERWORKING -mthumb -DTHUMB -std=c++11 -DARM_MATH_CM4 -D__FPU_PRESENT -H -IC:\PROGRA~2\Axoloti\app/CMSIS/Include -IC:\PROGRA~2\Axoloti\app/chibios/os/ports/common/ARMCMx/CMSIS/include -IC:\PROGRA~2\Axoloti\app/chibios/os/ports/common/ARMCMx -IC:\PROGRA~2\Axoloti\app/chibios/os/ports/GCC/ARMCMx -IC:\PROGRA~2\Axoloti\app/chibios/os/ports/GCC/ARMCMx/STM32F4xx -IC:\PROGRA~2\Axoloti\app/chibios/os/kernel/include -IC:\PROGRA~2\Axoloti\app/chibios/os/hal/include -IC:\PROGRA~2\Axoloti\app/chibios/os/hal/platforms/STM32F4xx -IC:\PROGRA~2\Axoloti\app/chibios/os/hal/platforms/STM32 -IC:\PROGRA~2\Axoloti\app/chibios/os/hal/platforms/STM32/GPIOv2 -IC:\PROGRA~2\Axoloti\app/chibios/os/hal/platforms/STM32/I2Cv1 -IC:\PROGRA~2\Axoloti\app/chibios/os/hal/platforms/STM32/OTGv1 -IC:\PROGRA~2\Axoloti\app/chibios/os/hal/platforms/STM32/RTCv2 -IC:\PROGRA~2\Axoloti\app/chibios/os/hal/platforms/STM32/SPIv1 -IC:\PROGRA~2\Axoloti\app/chibios/os/hal/platforms/STM32/TIMv1 -IC:\PROGRA~2\Axoloti\app/chibios/os/hal/platforms/STM32/USARTv1 -IC:\PROGRA~2\Axoloti\app/chibios/boards/ST_STM32F4_DISCOVERY -IC:\PROGRA~2\Axoloti\app/chibios/ext/fatfs/src -I. -IC:\PROGRA~2\Axoloti\app/chibios -Winvalid-pch -MD -MP --include C:\Users\Utente\DOCUME~1\axoloti/build/xpatch.h -c C:\Users\Utente\DOCUME~1\axoloti/build/xpatch.cpp -o C:\Users\Utente\DOCUME~1\axoloti/build/xpatch.o <br>process_begin: CreateProcess(NULL, arm-none-eabi-g++ -nostdlib -fno-exceptions -fno-rtti -mcpu=cortex-m4 -O3 -fomit-frame-pointer -falign-functions=16 -mfloat-abi=hard -mfpu=fpv4-sp-d16 -fsingle-precision-constant -Wunused-parameter -DCORTEX_USE_FPU=TRUE -DTHUMB_PRESENT -mno-thumb-interwork -DTHUMB_NO_INTERWORKING -mthumb -DTHUMB -std=c++11 -DARM_MATH_CM4 -D__FPU_PRESENT -H -IC:\PROGRA~2\Axoloti\app/CMSIS/Include -IC:\PROGRA~2\Axoloti\app/chibios/os/ports/common/ARMCMx/CMSIS/include -IC:\PROGRA~2\Axoloti\app/chibios/os/ports/common/ARMCMx -IC:\PROGRA~2\Axoloti\app/chibios/os/ports/GCC/ARMCMx -IC:\PROGRA~2\Axoloti\app/chibios/os/ports/GCC/ARMCMx/STM32F4xx -IC:\PROGRA~2\Axoloti\app/chibios/os/kernel/include -IC:\PROGRA~2\Axoloti\app/chibios/os/hal/include -IC:\PROGRA~2\Axoloti\app/chibios/os/hal/platforms/STM32F4xx -IC:\PROGRA~2\Axoloti\app/chibios/os/hal/platforms/STM32 -IC:\PROGRA~2\Axoloti\app/chibios/os/hal/platforms/STM32/GPIOv2 -IC:\PROGRA~2\Axoloti\app/chibios/os/hal/platforms/STM32/I2Cv1 -IC:\PROGRA~2\Axoloti\app/chibios/os/hal/platforms/STM32/OTGv1 -IC:\PROGRA~2\Axoloti\app/chibios/os/hal/platforms/STM32/RTCv2 -IC:\PROGRA~2\Axoloti\app/chibios/os/hal/platforms/STM32/SPIv1 -IC:\PROGRA~2\Axoloti\app/chibios/os/hal/platforms/STM32/TIMv1 -IC:\PROGRA~2\Axoloti\app/chibios/os/hal/platforms/STM32/USARTv1 -IC:\PROGRA~2\Axoloti\app/chibios/boards/ST_STM32F4_DISCOVERY -IC:\PROGRA~2\Axoloti\app/chibios/ext/fatfs/src -I. -IC:\PROGRA~2\Axoloti\app/chibios -Winvalid-pch -MD -MP --include C:\Users\Utente\DOCUME~1\axoloti/build/xpatch.h -c C:\Users\Utente\DOCUME~1\axoloti/build/xpatch.cpp -o C:\Users\Utente\DOCUME~1\axoloti/build/xpatch.o, ...) failed.<br>make (e=2): Impossibile trovare il file specificato.</p>

<p>make: *** [C:\Users\Utente\DOCUME~1\axoloti/build/xpatch.bin] Error 2<br>shell task failed, exit value: 1<br>Compiling patch failed ( C:\Users\Utente\Desktop\Axol_1.3.axp )</p>
      </div>
      <meta itemprop='interactionCount' content='UserLikes:0'>
      <meta itemprop='interactionCount' content='UserComments:0'>
      <meta itemprop='headline' content='Impossibile to compile any patches (Windows 10)'>
      <hr>
  </div>
  <div itemscope itemtype='http://schema.org/DiscussionForumPosting'>
      <div class='creator'>
        <span>
          <a href='../../u/AdrianWillaert.html'><b itemprop='author'>AdrianWillaert</b></a>
           
           <time datetime='2016-02-08T14:18:38Z' itemprop='datePublished'>
             2016-02-08 14:18:38 UTC
           </time>
        </span>
        <span itemprop='position'>#2</span>
      </div>
      <div class='post' itemprop='articleBody'>
        <p>no problems on Os X, patches compile successfully, so I think it is a Windows10 related problem. Any idea?</p>
      </div>
      <meta itemprop='interactionCount' content='UserLikes:0'>
      <meta itemprop='interactionCount' content='UserComments:1'>
      <meta itemprop='headline' content='Impossibile to compile any patches (Windows 10)'>
      <hr>
  </div>
  <div itemscope itemtype='http://schema.org/DiscussionForumPosting'>
      <div class='creator'>
        <span>
          <a href='../../u/johannes.html'><b itemprop='author'>johannes</b></a>
           
           <time datetime='2016-02-08T14:54:49Z' itemprop='datePublished'>
             2016-02-08 14:54:49 UTC
           </time>
        </span>
        <span itemprop='position'>#3</span>
      </div>
      <div class='post' itemprop='articleBody'>
        <p>A quick guess, if this happened suddenly, maybe a virus-scanner decided to quarantine the arm-none-eabi-g++ executable? It should be in C:\Program Files (x86)\axoloti_runtime\platform_win\bin<br>Could you re-install the axoloti runtime?</p>
      </div>
      <meta itemprop='interactionCount' content='UserLikes:0'>
      <meta itemprop='interactionCount' content='UserComments:1'>
      <meta itemprop='headline' content='Impossibile to compile any patches (Windows 10)'>
      <hr>
  </div>
  <div itemscope itemtype='http://schema.org/DiscussionForumPosting'>
      <div class='creator'>
        <span>
          <a href='../../u/AdrianWillaert.html'><b itemprop='author'>AdrianWillaert</b></a>
           
           <time datetime='2016-02-08T15:17:00Z' itemprop='datePublished'>
             2016-02-08 15:17:00 UTC
           </time>
        </span>
        <span itemprop='position'>#4</span>
      </div>
      <div class='post' itemprop='articleBody'>
        <p>Solved...it was AVG, thanks johannes!</p>
      </div>
      <meta itemprop='interactionCount' content='UserLikes:1'>
      <meta itemprop='interactionCount' content='UserComments:1'>
      <meta itemprop='headline' content='Impossibile to compile any patches (Windows 10)'>
      <hr>
  </div>
  <div itemscope itemtype='http://schema.org/DiscussionForumPosting'>
      <div class='creator'>
        <span>
          <a href='../../u/johannes.html'><b itemprop='author'>johannes</b></a>
           
           <time datetime='2016-02-08T15:44:17Z' itemprop='datePublished'>
             2016-02-08 15:44:17 UTC
           </time>
        </span>
        <span itemprop='position'>#5</span>
      </div>
      <div class='post' itemprop='articleBody'>
        <p>Please send a complaint to AVG, it's not nice that they're mis-classifying the gcc compiler...</p>
      </div>
      <meta itemprop='interactionCount' content='UserLikes:1'>
      <meta itemprop='interactionCount' content='UserComments:0'>
      <meta itemprop='headline' content='Impossibile to compile any patches (Windows 10)'>
      <hr>
  </div>
  <div itemscope itemtype='http://schema.org/DiscussionForumPosting'>
      <div class='creator'>
        <span>
          <a href='../../u/more_urgent_jest.html'><b itemprop='author'>more_urgent_jest</b></a>
           
           <time datetime='2018-05-31T09:51:46Z' itemprop='datePublished'>
             2018-05-31 09:51:46 UTC
           </time>
        </span>
        <span itemprop='position'>#6</span>
      </div>
      <div class='post' itemprop='articleBody'>
        <p>installed today and I am getting this on win 10 Home, version 1803 when trying to run a factory demo:</p>

<p>Patch contains invalid net! tri_1:pitch<br>Generate code complete<br>Start compiling patch<br>BDIR = C:\Users\Jurgen\DOCUME~1\axoloti/build<br>FIRMWARE = .<br>RM<br>APP<br>! C:\Users\urgent\DOCUME~1\axoloti/build/xpatch.h.gch<br>C:\Users\urgent\DOCUME~1\axoloti/build/xpatch.cpp:41:2: error: <span class="hashtag">#error</span> "unresolved object: null in patch: C:\Users\urgent\Documents\axoloti\axoloti-factory\patches\demos\aliasing\triangle oscillator.axp"<br> <span class="hashtag">#error</span> "unresolved object: null in patch: C:\Users\urgent\Documents\axoloti\axoloti-factory\patches\demos\aliasing\triangle oscillator.axp"<br>  ^<br>C:\Users\urgent\DOCUME~1\axoloti/build/xpatch.cpp:79:2: error: <span class="hashtag">#error</span> "unresolved object: *c_2 in patch: C:\Users\urgent\Documents\axoloti\axoloti-factory\patches\demos\aliasing\triangle oscillator.axp"<br> <span class="hashtag">#error</span> "unresolved object: *c_2 in patch: C:\Users\urgent\Documents\axoloti\axoloti-factory\patches\demos\aliasing\triangle oscillator.axp"<br>  ^<br>C:\Users\urgent\DOCUME~1\axoloti/build/xpatch.cpp:132:2: error: <span class="hashtag">#error</span> "unresolved object: null in patch: C:\Users\urgent\Documents\axoloti\axoloti-factory\patches\demos\aliasing\triangle oscillator.axp"<br> <span class="hashtag">#error</span> "unresolved object: null in patch: C:\Users\urgent\Documents\axoloti\axoloti-factory\patches\demos\aliasing\triangle oscillator.axp"<br>  ^<br>C:\Users\urgent\DOCUME~1\axoloti/build/xpatch.cpp:134:2: error: <span class="hashtag">#error</span> "unresolved object: null in patch: C:\Users\urgent\Documents\axoloti\axoloti-factory\patches\demos\aliasing\triangle oscillator.axp"<br> <span class="hashtag">#error</span> "unresolved object: null in patch: C:\Users\urgent\Documents\axoloti\axoloti-factory\patches\demos\aliasing\triangle oscillator.axp"<br>  ^<br>C:\Users\urgent\DOCUME~1\axoloti/build/xpatch.cpp:136:2: error: <span class="hashtag">#error</span> "unresolved object: tri_2 in patch: C:\Users\urgent\Documents\axoloti\axoloti-factory\patches\demos\aliasing\triangle oscillator.axp"<br> <span class="hashtag">#error</span> "unresolved object: tri_2 in patch: C:\Users\urgent\Documents\axoloti\axoloti-factory\patches\demos\aliasing\triangle oscillator.axp"<br>  ^<br>C:\Users\urgent\DOCUME~1\axoloti/build/xpatch.cpp:138:2: error: <span class="hashtag">#error</span> "unresolved object: mux_1 in patch: C:\Users\urgent\Documents\axoloti\axoloti-factory\patches\demos\aliasing\triangle oscillator.axp"<br> <span class="hashtag">#error</span> "unresolved object: mux_1 in patch: C:\Users\urgent\Documents\axoloti\axoloti-factory\patches\demos\aliasing\triangle oscillator.axp"<br>  ^<br>C:\Users\urgent\DOCUME~1\axoloti/build/xpatch.cpp:140:2: error: <span class="hashtag">#error</span> "unresolved object: *c_1 in patch: C:\Users\urgent\Documents\axoloti\axoloti-factory\patches\demos\aliasing\triangle oscillator.axp"<br> <span class="hashtag">#error</span> "unresolved object: *c_1 in patch: C:\Users\urgent\Documents\axoloti\axoloti-factory\patches\demos\aliasing\triangle oscillator.axp"<br>  ^<br>C:\Users\urgent\DOCUME~1\axoloti/build/xpatch.cpp:142:2: error: <span class="hashtag">#error</span> "unresolved object: out_1 in patch: C:\Users\urgent\Documents\axoloti\axoloti-factory\patches\demos\aliasing\triangle oscillator.axp"<br> <span class="hashtag">#error</span> "unresolved object: out_1 in patch: C:\Users\urgent\Documents\axoloti\axoloti-factory\patches\demos\aliasing\triangle oscillator.axp"<br>  ^<br>C:\Users\urgent\DOCUME~1\axoloti/build/xpatch.cpp:144:2: error: <span class="hashtag">#error</span> "unresolved object: scope_1 in patch: C:\Users\urgent\Documents\axoloti\axoloti-factory\patches\demos\aliasing\triangle oscillator.axp"<br> <span class="hashtag">#error</span> "unresolved object: scope_1 in patch: C:\Users\urgent\Documents\axoloti\axoloti-factory\patches\demos\aliasing\triangle oscillator.axp"<br>  ^<br>C:\Users\urgent\DOCUME~1\axoloti/build/xpatch.cpp: In member function 'void rootc::dsp()':<br>C:\Users\urgent\DOCUME~1\axoloti/build/xpatch.cpp:514:6: error: 'net0' was not declared in this scope<br>      net0;<br>      ^<br>C:\Users\urgent\DOCUME~1\axoloti/build/xpatch.cpp:515:6: error: 'net1' was not declared in this scope<br>      net1;<br>      ^<br>C:\Users\urgent\DOCUME~1\axoloti/build/xpatch.cpp:518:6: error: 'net4' was not declared in this scope<br>      net4;<br>      ^<br>C:\Users\urgent\DOCUME~1\axoloti/build/xpatch.cpp:520:6: error: 'net6' was not declared in this scope<br>      net6;<br>      ^<br>make: *** [C:\Users\urgent\DOCUME~1\axoloti/build/xpatch.bin] Error 1<br>shell task failed, exit value: 1<br>Compiling patch failed ( C:\Users\urgent\Documents\axoloti\axoloti-factory\patches\demos\aliasing\triangle oscillator.axp ) </p>

<p>I have checked the bin and the gcc compiler seems to be in there.</p>

<p>Axoloti version : 1.0.12-2-0-g60a2f99  build time : 08/04/2018 20:20:07 CEST<br>Link to firmware CRC E95BAC96</p>

<p>seems that uninstalling and reinstalling fixed it<br>could it be that I had this problem, because I ran the msi before unzipping the runtime?</p>
      </div>
      <meta itemprop='interactionCount' content='UserLikes:0'>
      <meta itemprop='interactionCount' content='UserComments:1'>
      <meta itemprop='headline' content='Impossibile to compile any patches (Windows 10)'>
      <hr>
  </div>
  <div itemscope itemtype='http://schema.org/DiscussionForumPosting'>
      <div class='creator'>
        <span>
          <a href='../../u/thetechnobear.html'><b itemprop='author'>thetechnobear</b></a>
           
           <time datetime='2018-05-31T18:44:58Z' itemprop='datePublished'>
             2018-05-31 18:44:58 UTC
           </time>
        </span>
        <span itemprop='position'>#7</span>
      </div>
      <div class='post' itemprop='articleBody'>
        <p>looks like either that particular patch is corrupted, or the library download has failed.</p>

<p>try another demo patch,<br>if that fails, reset the all libraries (make sure you have an internet connection)  in preferences<br>(allowing it to delete the libraries)</p>
      </div>
      <meta itemprop='interactionCount' content='UserLikes:0'>
      <meta itemprop='interactionCount' content='UserComments:0'>
      <meta itemprop='headline' content='Impossibile to compile any patches (Windows 10)'>
      <hr>
  </div>
  <div itemscope itemtype='http://schema.org/DiscussionForumPosting'>
      <div class='creator'>
        <span>
          <a href='../../u/more_urgent_jest.html'><b itemprop='author'>more_urgent_jest</b></a>
           
           <time datetime='2018-05-31T21:25:43Z' itemprop='datePublished'>
             2018-05-31 21:25:43 UTC
           </time>
        </span>
        <span itemprop='position'>#8</span>
      </div>
      <div class='post' itemprop='articleBody'>
        <p>yes, I tried clicking Reset All in preferences and that deleted all the demo patches, but they weren't downloaded again.</p>

<p>repairing the install didn't work either.</p>

<p>uninstalling and reinstalling did.</p>

<p>I wonder if it happened, because I installed before I unzipped the run time.</p>

<p>Is there a dependency there?</p>
      </div>
      <meta itemprop='interactionCount' content='UserLikes:0'>
      <meta itemprop='interactionCount' content='UserComments:0'>
      <meta itemprop='headline' content='Impossibile to compile any patches (Windows 10)'>
      <hr>
  </div>






    </div>
    <footer class="container">
      <nav itemscope itemtype='http://schema.org/SiteNavigationElement'>
        <a href='../../index.html'>Home</a>
        <a href="../../categories.html">Categories</a>
        <a href="../../guidelines.html">FAQ/Guidelines</a>
        <a href="../../tos.html">Terms of Service</a>
        <a href="../../privacy.html">Privacy Policy</a>
      </nav>
      <p>Powered by <a href="https://www.discourse.org/">Discourse</a>, best viewed with JavaScript enabled</p>
    </footer>
    
    
  </body>
  

<!-- Mirrored from community.axoloti.com/t/impossibile-to-compile-any-patches-windows-10/1023 by HTTrack Website Copier/3.x [XR&CO'2014], Mon, 10 Jul 2023 16:31:27 GMT -->
</html>
