<!DOCTYPE html>
<html lang="en">
  
<!-- Mirrored from community.axoloti.com/t/compile-fails-in-opensuse/2326 by HTTrack Website Copier/3.x [XR&CO'2014], Mon, 10 Jul 2023 17:06:56 GMT -->
<!-- Added by HTTrack --><meta http-equiv="content-type" content="text/html;charset=utf-8" /><!-- /Added by HTTrack -->
<head>
    <meta charset="utf-8">
    <title>Compile fails in opensuse - Helpdesk - Axoloti Community</title>
    <meta name="description" content="I cloned the git repository, and the downloaded the runtime archive (and expanded it) Tried to build and it progresses for some time but then I get this: 

cmake  all-recursive make[1]: Entering directory &amp;#39;/home/gabriel/&amp;hellip;">
    <meta name="author" content="">
<meta name="generator" content="Discourse 1.9.0.beta3 - https://github.com/discourse/discourse version 13f3de4bf673802eb8ec595d36587b4524773209">
<link rel="icon" type="image/png" href="../../uploads/default/original/1X/ffed196003990f0e5c2a0f8227fc977345cd68be.png">
<link rel="apple-touch-icon" type="image/png" href="../../uploads/default/original/1X/ffed196003990f0e5c2a0f8227fc977345cd68be.png">
<link rel="icon" sizes="144x144" href="../../uploads/default/original/1X/ffed196003990f0e5c2a0f8227fc977345cd68be.png">
<meta name="theme-color" content="#ffffff">
<meta name="viewport" content="width=device-width, minimum-scale=1.0, maximum-scale=1.0, user-scalable=yes">
<link rel="canonical" href="2326.html" />
<script type="application/ld+json">{"@context":"http://schema.org","@type":"WebSite","url":"http://community.axoloti.com","potentialAction":{"@type":"SearchAction","target":"http://community.axoloti.com/search?q={search_term_string}","query-input":"required name=search_term_string"}}</script>
<link rel="search" type="application/opensearchdescription+xml" href="../../opensearch.xml" title="Axoloti Community Search">

        <link href="../../stylesheets/desktop_d93a33ca8617326fe353f80e6ab865188244d48c8e0b.css?__ws=community.axoloti.com" media="all" rel="stylesheet" data-target="desktop"/>
    
    <script>
  (function(i,s,o,g,r,a,m){i['GoogleAnalyticsObject']=r;i[r]=i[r]||function(){
  (i[r].q=i[r].q||[]).push(arguments)},i[r].l=1*new Date();a=s.createElement(o),
  m=s.getElementsByTagName(o)[0];a.async=1;a.src=g;m.parentNode.insertBefore(a,m)
  })(window,document,'script','../../../www.google-analytics.com/analytics.js','ga');

  ga('create', 'UA-56017691-4', {"cookieDomain":"auto"});
</script>

      <link rel="alternate" type="application/rss+xml" title="RSS feed of &#39;Compile fails in opensuse&#39;" href="2326.rss" />
  <meta property="og:site_name" content="Axoloti Community" />
<meta name="twitter:card" content="summary" />
<meta name="twitter:image" content="http://community.axoloti.com/uploads/default/original/1X/ffed196003990f0e5c2a0f8227fc977345cd68be.png" />
<meta property="og:image" content="http://community.axoloti.com/uploads/default/original/1X/ffed196003990f0e5c2a0f8227fc977345cd68be.png" />
<meta property="og:url" content="http://community.axoloti.com/t/compile-fails-in-opensuse/2326" />
<meta name="twitter:url" content="http://community.axoloti.com/t/compile-fails-in-opensuse/2326" />
<meta property="og:title" content="Compile fails in opensuse" />
<meta name="twitter:title" content="Compile fails in opensuse" />
<meta property="og:description" content="I cloned the git repository, and the downloaded the runtime archive (and expanded it) Tried to build and it progresses for some time but then I get this:   cmake  all-recursive make[1]: Entering directory &#39;/home/gabriel/axoloti/platform_linux/src/dfu-util-0.8&#39; Making all in src make[2]: Entering directory &#39;/home/gabriel/axoloti/platform_linux/src/dfu-util-0.8/src&#39;   CC     main.o In file included from main.c:34:0: portable.h:17:17: fatal error: io.h: No such file or directory  # include         ..." />
<meta name="twitter:description" content="I cloned the git repository, and the downloaded the runtime archive (and expanded it) Tried to build and it progresses for some time but then I get this:   cmake  all-recursive make[1]: Entering directory &#39;/home/gabriel/axoloti/platform_linux/src/dfu-util-0.8&#39; Making all in src make[2]: Entering directory &#39;/home/gabriel/axoloti/platform_linux/src/dfu-util-0.8/src&#39;   CC     main.o In file included from main.c:34:0: portable.h:17:17: fatal error: io.h: No such file or directory  # include         ..." />


  </head>
  <body class="crawler">
    
    <header>
      <a href="../../index.html"><img src="../../uploads/default/original/1X/b22e6e9ef608f1e17a1de19b733d043beff77f05.png" alt="Axoloti Community" id="site-logo" style="max-width: 150px;"></a>
    </header>
    <div id="main-outlet" class="wrap">
      <h1>
  <a href="2326.html">Compile fails in opensuse</a>
</h1>

<div id='breadcrumbs'>
    <div id="breadcrumb-0" itemscope itemtype="http://data-vocabulary.org/Breadcrumb"
>
      <a href="../../c/helpdesk.html" itemprop="url">
        <span itemprop="title">Helpdesk</span>
      </a>
    </div>
</div>





<hr>


  <div itemscope itemtype='http://schema.org/DiscussionForumPosting'>
      <div class='creator'>
        <span>
          <a href='../../u/gabriel.html'><b itemprop='author'>gabriel</b></a>
           
           <time datetime='2016-10-01T18:09:52Z' itemprop='datePublished'>
             2016-10-01 18:09:52 UTC
           </time>
        </span>
        <span itemprop='position'>#1</span>
      </div>
      <div class='post' itemprop='articleBody'>
        <p>I cloned the git repository, and the downloaded the runtime archive (and expanded it)<br>Tried to build and it progresses for some time but then I get this:</p>

<blockquote><p>cmake  all-recursive<br>make[1]: Entering directory '/home/gabriel/axoloti/platform_linux/src/dfu-util-0.8'<br>Making all in src<br>make[2]: Entering directory '/home/gabriel/axoloti/platform_linux/src/dfu-util-0.8/src'<br>  CC     main.o<br>In file included from main.c:34:0:<br>portable.h:17:17: fatal error: io.h: No such file or directory<br> # include <br>                 ^<br>compilation terminated.<br>Makefile:330: recipe for target 'main.o' failed<br>make[2]: *** [main.o] Error 1<br>make[2]: Leaving directory '/home/gabriel/axoloti/platform_linux/src/dfu-util-0.8/src'<br>Makefile:289: recipe for target 'all-recursive' failed<br>make[1]: *** [all-recursive] Error 1<br>make[1]: Leaving directory '/home/gabriel/axoloti/platform_linux/src/dfu-util-0.8'<br>Makefile:229: recipe for target 'all' failed<br>make: *** [all] Error 2</p></blockquote>

<p>Any idea how to resolve it? I repeated the procedure several times, always ends like this. I tried as administrator and as a user, same story. <img src="../../images/emoji/emoji_one/frowning30f4.png?v=3" title=":frowning:" class="emoji" alt=":frowning:"></p>

<p>But then...<br>I tried compile_firmware.sh and it finished,,,<br>then compile_java.sh and it also finished.<br>!!!<br>Tried to runAxoloti runs !<br>It shows 1.0.11-15gxxxxx-dirty (where xxxx is some long number.</p>

<p>Do I have a properly compiled result?</p>
      </div>
      <meta itemprop='interactionCount' content='UserLikes:0'>
      <meta itemprop='interactionCount' content='UserComments:0'>
      <meta itemprop='headline' content='Compile fails in opensuse'>
      <hr>
  </div>
  <div itemscope itemtype='http://schema.org/DiscussionForumPosting'>
      <div class='creator'>
        <span>
          <a href='../../u/thetechnobear.html'><b itemprop='author'>thetechnobear</b></a>
           
           <time datetime='2016-10-01T23:00:48Z' itemprop='datePublished'>
             2016-10-01 23:00:48 UTC
           </time>
        </span>
        <span itemprop='position'>#3</span>
      </div>
      <div class='post' itemprop='articleBody'>
        <p>you dont need dfu_util unless you want to flash the board manually.<br>(actually we could possibly remove it, and certainly from the default build)</p>

<p>yes, you will get his build marked as 'dirty' as its not a true 1.0.11 build, its a dev build.<br>(I think you wouldn't get it if you checked out the 1.0.11 tag, but thats not recommend on this build for other reasons)</p>
      </div>
      <meta itemprop='interactionCount' content='UserLikes:1'>
      <meta itemprop='interactionCount' content='UserComments:0'>
      <meta itemprop='headline' content='Compile fails in opensuse'>
      <hr>
  </div>
  <div itemscope itemtype='http://schema.org/DiscussionForumPosting'>
      <div class='creator'>
        <span>
          <a href='../../u/gabriel.html'><b itemprop='author'>gabriel</b></a>
           
           <time datetime='2016-10-02T10:06:59Z' itemprop='datePublished'>
             2016-10-02 10:06:59 UTC
           </time>
        </span>
        <span itemprop='position'>#4</span>
      </div>
      <div class='post' itemprop='articleBody'>
        <p>Thanks.  I still wonder why this is happening and whether I have a properly compiled application. It seems to work so far...</p>
      </div>
      <meta itemprop='interactionCount' content='UserLikes:0'>
      <meta itemprop='interactionCount' content='UserComments:0'>
      <meta itemprop='headline' content='Compile fails in opensuse'>
      <hr>
  </div>
  <div itemscope itemtype='http://schema.org/DiscussionForumPosting'>
      <div class='creator'>
        <span>
          <a href='../../u/johannes.html'><b itemprop='author'>johannes</b></a>
           
           <time datetime='2016-10-03T08:47:38Z' itemprop='datePublished'>
             2016-10-03 08:47:38 UTC
           </time>
        </span>
        <span itemprop='position'>#5</span>
      </div>
      <div class='post' itemprop='articleBody'>
        <p>I think the dfu-util compile is failing because libusb was not compiled completely. Could you try removing axoloti/platform_linux/lib/libusb-1.0.a and launching build.sh again?<br>Dfu-util is only relevant for a rescue flash operation, required when the normal firmware flashing procedure is interrupted. "Stock" libusb/dfu-util fail to communicate with the dfu bootloader inside the stm32f427 processor, that error is inside the processor ROM, not something I can fix. The libusb and dfu-util (statically linked to libusb) that are included in the build, contain a patch to work around the ROM bootloader issue.<br>The compile error won't affect anything else than the rescue flash procedure.</p>
      </div>
      <meta itemprop='interactionCount' content='UserLikes:0'>
      <meta itemprop='interactionCount' content='UserComments:0'>
      <meta itemprop='headline' content='Compile fails in opensuse'>
      <hr>
  </div>






    </div>
    <footer class="container">
      <nav itemscope itemtype='http://schema.org/SiteNavigationElement'>
        <a href='../../index.html'>Home</a>
        <a href="../../categories.html">Categories</a>
        <a href="../../guidelines.html">FAQ/Guidelines</a>
        <a href="../../tos.html">Terms of Service</a>
        <a href="../../privacy.html">Privacy Policy</a>
      </nav>
      <p>Powered by <a href="https://www.discourse.org/">Discourse</a>, best viewed with JavaScript enabled</p>
    </footer>
    
    
  </body>
  

<!-- Mirrored from community.axoloti.com/t/compile-fails-in-opensuse/2326 by HTTrack Website Copier/3.x [XR&CO'2014], Mon, 10 Jul 2023 17:06:57 GMT -->
</html>
